<?xml version="1.0" encoding="UTF-8"?>
<testsuite xmlns:xsi="http://www.w3.org/2001/XMLSchema-instance" xsi:noNamespaceSchemaLocation="https://maven.apache.org/surefire/maven-surefire-plugin/xsd/surefire-test-report.xsd" version="3.0.2" name="com.example.exampleProjectJavaSpringboot.ExampleProjectJavaSpringbootApplicationTests" time="4.086" tests="1" errors="0" skipped="0" failures="0">
  <properties>
[...]
</properties>
  <testcase name="contextLoads" classname="com.example.exampleProjectJavaSpringboot.ExampleProjectJavaSpringbootApplicationTests" time="0.336">
    <system-out><![CDATA[Standard Commons Logging discovery in action with spring-jcl: please remove commons-logging.jar from classpath in order to avoid potential conflicts
17:25:29.021 [main] INFO org.springframework.test.context.support.AnnotationConfigContextLoaderUtils -- Could not detect default configuration classes for test class [com.example.exampleProjectJavaSpringboot.ExampleProjectJavaSpringbootApplicationTests]: ExampleProjectJavaSpringbootApplicationTests does not declare any static, non-private, non-final, nested classes annotated with @Configuration.
17:25:29.108 [main] INFO org.springframework.boot.test.context.SpringBootTestContextBootstrapper -- Found @SpringBootConfiguration com.example.exampleProjectJavaSpringboot.ExampleProjectJavaSpringbootApplication for test class com.example.exampleProjectJavaSpringboot.ExampleProjectJavaSpringbootApplicationTests

  .   ____          _            __ _ _
 /\\ / ___'_ __ _ _(_)_ __  __ _ \ \ \ \
( ( )\___ | '_ | '_| | '_ \/ _` | \ \ \ \
 \\/  ___)| |_)| | | | | || (_| |  ) ) ) )
  '  |____| .__|_| |_|_| |_\__, | / / / /
 =========|_|==============|___/=/_/_/_/

 :: Spring Boot ::                (v3.4.0)

2024-12-01T17:25:29.438+01:00  INFO 26720 --- [exampleProjectJavaSpringboot] [           main] pleProjectJavaSpringbootApplicationTests : Starting ExampleProjectJavaSpringbootApplicationTests using Java 21.0.2 with PID 26720 (started by Nutzer in C:\Users\Nutzer\Documents\GitHub\JavaSpringbootApplication)
2024-12-01T17:25:29.439+01:00  INFO 26720 --- [exampleProjectJavaSpringboot] [           main] pleProjectJavaSpringbootApplicationTests : No active profile set, falling back to 1 default profile: "default"
2024-12-01T17:25:29.938+01:00  INFO 26720 --- [exampleProjectJavaSpringboot] [           main] .s.d.r.c.RepositoryConfigurationDelegate : Bootstrapping Spring Data JPA repositories in DEFAULT mode.
2024-12-01T17:25:29.983+01:00  INFO 26720 --- [exampleProjectJavaSpringboot] [           main] .s.d.r.c.RepositoryConfigurationDelegate : Finished Spring Data repository scanning in 36 ms. Found 2 JPA repository interfaces.
2024-12-01T17:25:30.383+01:00  INFO 26720 --- [exampleProjectJavaSpringboot] [           main] o.hibernate.jpa.internal.util.LogHelper  : HHH000204: Processing PersistenceUnitInfo [name: default]
2024-12-01T17:25:30.437+01:00  INFO 26720 --- [exampleProjectJavaSpringboot] [           main] org.hibernate.Version                    : HHH000412: Hibernate ORM core version 6.6.2.Final
2024-12-01T17:25:30.465+01:00  INFO 26720 --- [exampleProjectJavaSpringboot] [           main] o.h.c.internal.RegionFactoryInitiator    : HHH000026: Second-level cache disabled
2024-12-01T17:25:30.733+01:00  INFO 26720 --- [exampleProjectJavaSpringboot] [           main] o.s.o.j.p.SpringPersistenceUnitInfo      : No LoadTimeWeaver setup: ignoring JPA class transformer
2024-12-01T17:25:30.761+01:00  INFO 26720 --- [exampleProjectJavaSpringboot] [           main] com.zaxxer.hikari.HikariDataSource       : HikariPool-1 - Starting...
2024-12-01T17:25:31.088+01:00  INFO 26720 --- [exampleProjectJavaSpringboot] [           main] com.zaxxer.hikari.pool.HikariPool        : HikariPool-1 - Added connection com.mysql.cj.jdbc.ConnectionImpl@c82d925
2024-12-01T17:25:31.090+01:00  INFO 26720 --- [exampleProjectJavaSpringboot] [           main] com.zaxxer.hikari.HikariDataSource       : HikariPool-1 - Start completed.
2024-12-01T17:25:31.131+01:00  WARN 26720 --- [exampleProjectJavaSpringboot] [           main] org.hibernate.dialect.Dialect            : HHH000511: The 5.7.44 version for [org.hibernate.dialect.MySQLDialect] is no longer supported, hence certain features may not work properly. The minimum supported version is 8.0.0. Check the community dialects project for available legacy versions.
2024-12-01T17:25:31.146+01:00  INFO 26720 --- [exampleProjectJavaSpringboot] [           main] org.hibernate.orm.connections.pooling    : HHH10001005: Database info:
	Database JDBC URL [Connecting through datasource 'HikariDataSource (HikariPool-1)']
	Database driver: undefined/unknown
	Database version: 5.7.44
	Autocommit mode: undefined/unknown
	Isolation level: undefined/unknown
	Minimum pool size: undefined/unknown
	Maximum pool size: undefined/unknown
2024-12-01T17:25:31.776+01:00  INFO 26720 --- [exampleProjectJavaSpringboot] [           main] o.h.e.t.j.p.i.JtaPlatformInitiator       : HHH000489: No JTA platform available (set 'hibernate.transaction.jta.platform' to enable JTA platform integration)
Hibernate: alter table environmental_metrics modify column created_at datetime(6)
2024-12-01T17:25:31.861+01:00  INFO 26720 --- [exampleProjectJavaSpringboot] [           main] j.LocalContainerEntityManagerFactoryBean : Initialized JPA EntityManagerFactory for persistence unit 'default'
2024-12-01T17:25:32.194+01:00  WARN 26720 --- [exampleProjectJavaSpringboot] [           main] JpaBaseConfiguration$JpaWebConfiguration : spring.jpa.open-in-view is enabled by default. Therefore, database queries may be performed during view rendering. Explicitly configure spring.jpa.open-in-view to disable this warning
2024-12-01T17:25:32.626+01:00  INFO 26720 --- [exampleProjectJavaSpringboot] [           main] pleProjectJavaSpringbootApplicationTests : Started ExampleProjectJavaSpringbootApplicationTests in 3.396 seconds (process running for 4.159)
]]></system-out>
    <system-err><![CDATA[Mockito is currently self-attaching to enable the inline-mock-maker. This will no longer work in future releases of the JDK. Please add Mockito as an agent to your build what is described in Mockito's documentation: https://javadoc.io/doc/org.mockito/mockito-core/latest/org/mockito/Mockito.html#0.3
WARNING: A Java agent has been loaded dynamically (C:\Users\Nutzer\.m2\repository\net\bytebuddy\byte-buddy-agent\1.15.10\byte-buddy-agent-1.15.10.jar)
WARNING: If a serviceability tool is in use, please run with -XX:+EnableDynamicAgentLoading to hide this warning
WARNING: If a serviceability tool is not in use, please run with -Djdk.instrument.traceUsage for more information
WARNING: Dynamic loading of agents will be disallowed by default in a future release
]]></system-err>
  </testcase>
</testsuite>